<?xml version="1.0" encoding="UTF-8"?>
<Site BuildName="(empty)"
	BuildStamp="20250410-0248-Experimental"
	Name="nhhydl-01460"
	Generator="ctest-3.18.0"
	CompilerName="/usr/lib/ccache/c++"
	CompilerVersion="10.5.0"
	OSName="Linux"
	Hostname="nhhydl-01460"
	OSRelease="5.15.0-136-generic"
	OSVersion="#147~20.04.1-Ubuntu SMP Wed Mar 19 16:13:14 UTC 2025"
	OSPlatform="x86_64"
	Is64Bits="1"
	VendorString="GenuineIntel"
	VendorID="Intel Corporation"
	FamilyID="6"
	ModelID="140"
	ProcessorCacheSize="12288"
	NumberOfLogicalCPU="8"
	NumberOfPhysicalCPU="4"
	TotalVirtualMemory="2047"
	TotalPhysicalMemory="15733"
	LogicalProcessorsPerPhysical="2"
	ProcessorClockFrequency="1700"
	>
	<Testing>
		<StartDateTime>Apr 10 08:18 IST</StartDateTime>
		<StartTestTime>1744253315</StartTestTime>
		<TestList/>
		<EndDateTime>Apr 10 08:18 IST</EndDateTime>
		<EndTestTime>1744253315</EndTestTime>
		<ElapsedMinutes>0</ElapsedMinutes>
	</Testing>
</Site>
